<?xml version="1.0" encoding="UTF-8"?>
<!-- Generated by org.testng.reporters.JUnitXMLReporter -->
<testsuite ignored="0" hostname="DESKTOP-1MHU5E0" failures="0" tests="5" name="LoginTests" time="47.943" errors="0" timestamp="2026-05-14T12:39:32 IST">
  <testcase classname="tests.LoginTest" name="testValidLogin" time="14.626"/>
  <testcase classname="tests.LoginTest" name="VerifySuccessfulLoginMessage" time="3.147"/>
  <testcase classname="tests.PracticeTest" name="clickPracticeLinkTest" time="7.474"/>
  <testcase classname="tests.PracticeTest" name="clickTestTableLink" time="7.553"/>
  <testcase classname="tests.PracticeTest" name="verifyJavaFilterTest" time="6.536"/>
</testsuite> <!-- LoginTests -->
