<?xml version="1.0" encoding="UTF-8"?>
<!-- Generated by org.testng.reporters.JUnitReportReporter -->
<testsuite hostname="DESKTOP-1MHU5E0" failures="0" tests="3" name="tests.PracticeTest" time="21.563" errors="0" timestamp="2026-05-14T12:39:33 IST" skipped="0">
  <testcase classname="tests.PracticeTest" name="clickPracticeLinkTest" time="7.474"/>
  <testcase classname="tests.PracticeTest" name="verifyJavaFilterTest" time="6.536"/>
  <testcase classname="tests.PracticeTest" name="clickTestTableLink" time="7.553"/>
</testsuite> <!-- tests.PracticeTest -->
